  [1m[36m (27.6ms)[0m  [1mCREATE TABLE "schema_migrations" ("version" character varying(255) NOT NULL) [0m
  [1m[35m (2.9ms)[0m  CREATE UNIQUE INDEX "unique_schema_migrations" ON "schema_migrations" ("version")
  [1m[36m (0.4ms)[0m  [1mSELECT version FROM "schema_migrations"[0m
  [1m[35m (0.6ms)[0m  INSERT INTO "schema_migrations" (version) VALUES ('20121215170020')
  [1m[36mActiveRecord::SchemaMigration Load (0.2ms)[0m  [1mSELECT "schema_migrations".* FROM "schema_migrations"[0m
DEPRECATION WARNING: You didn't set config.secret_key_base. Read the upgrade documentation to learn more about this new config option. (called from service at /Users/sdriban/.rvm/rubies/ruby-2.1.5/lib/ruby/2.1.0/webrick/httpserver.rb:138)
method=GET path=/ format=html controller=home action=index status=200 duration=222.48 view=222.11 db=0.00
method=GET path=/ format=html controller=home action=index status=200 duration=5.14 view=4.97 db=0.00
method=GET path=/ format=html controller=home action=index status=200 duration=5.61 view=5.44 db=0.00
method=GET path=/ format=html controller=home action=index status=200 duration=4.59 view=4.44 db=0.00

ActionController::RoutingError (No route matches [GET] "/logo-be.png"):
  actionpack (4.0.2) lib/action_dispatch/middleware/debug_exceptions.rb:21:in `call'
  actionpack (4.0.2) lib/action_dispatch/middleware/show_exceptions.rb:30:in `call'
  lograge (0.2.2) lib/lograge/rails_ext/rack/logger.rb:15:in `call_app'
  railties (4.0.2) lib/rails/rack/logger.rb:20:in `block in call'
  activesupport (4.0.2) lib/active_support/tagged_logging.rb:67:in `block in tagged'
  activesupport (4.0.2) lib/active_support/tagged_logging.rb:25:in `tagged'
  activesupport (4.0.2) lib/active_support/tagged_logging.rb:67:in `tagged'
  railties (4.0.2) lib/rails/rack/logger.rb:20:in `call'
  actionpack (4.0.2) lib/action_dispatch/middleware/request_id.rb:21:in `call'
  rack (1.5.2) lib/rack/methodoverride.rb:21:in `call'
  rack (1.5.2) lib/rack/runtime.rb:17:in `call'
  activesupport (4.0.2) lib/active_support/cache/strategy/local_cache.rb:83:in `call'
  rack (1.5.2) lib/rack/lock.rb:17:in `call'
  actionpack (4.0.2) lib/action_dispatch/middleware/static.rb:64:in `call'
  rack (1.5.2) lib/rack/sendfile.rb:112:in `call'
  railties (4.0.2) lib/rails/engine.rb:511:in `call'
  railties (4.0.2) lib/rails/application.rb:97:in `call'
  rack (1.5.2) lib/rack/lock.rb:17:in `call'
  rack (1.5.2) lib/rack/content_length.rb:14:in `call'
  rack (1.5.2) lib/rack/handler/webrick.rb:60:in `service'
  /Users/sdriban/.rvm/rubies/ruby-2.1.5/lib/ruby/2.1.0/webrick/httpserver.rb:138:in `service'
  /Users/sdriban/.rvm/rubies/ruby-2.1.5/lib/ruby/2.1.0/webrick/httpserver.rb:94:in `run'
  /Users/sdriban/.rvm/rubies/ruby-2.1.5/lib/ruby/2.1.0/webrick/server.rb:295:in `block in start_thread'


method=GET path=/ format=html controller=home action=index status=200 duration=5.07 view=4.92 db=0.00
method=GET path=/ format=html controller=home action=index status=200 duration=5.16 view=5.00 db=0.00
method=GET path=/ format=html controller=home action=index status=200 duration=3.90 view=3.77 db=0.00
method=GET path=/ format=html controller=home action=index status=200 duration=3.65 view=3.53 db=0.00
method=GET path=/ format=html controller=home action=index status=200 duration=86.28 view=86.06 db=0.00
method=GET path=/ format=html controller=home action=index status=200 duration=41.93 view=41.76 db=0.00
